   1               		.file	"host.c"
   2               	__SP_H__ = 0x3e
   3               	__SP_L__ = 0x3d
   4               	__SREG__ = 0x3f
   5               	__tmp_reg__ = 0
   6               	__zero_reg__ = 1
   7               		.text
   8               	.Ltext0:
   9               		.cfi_sections	.debug_frame
  10               		.section	.text.host_set_driver,"ax",@progbits
  11               	.global	host_set_driver
  13               	host_set_driver:
  14               	.LFB0:
  15               		.file 1 "tmk_core/common/host.c"
   1:tmk_core/common/host.c **** /*
   2:tmk_core/common/host.c **** Copyright 2011,2012 Jun Wako <wakojun@gmail.com>
   3:tmk_core/common/host.c **** 
   4:tmk_core/common/host.c **** This program is free software: you can redistribute it and/or modify
   5:tmk_core/common/host.c **** it under the terms of the GNU General Public License as published by
   6:tmk_core/common/host.c **** the Free Software Foundation, either version 2 of the License, or
   7:tmk_core/common/host.c **** (at your option) any later version.
   8:tmk_core/common/host.c **** 
   9:tmk_core/common/host.c **** This program is distributed in the hope that it will be useful,
  10:tmk_core/common/host.c **** but WITHOUT ANY WARRANTY; without even the implied warranty of
  11:tmk_core/common/host.c **** MERCHANTABILITY or FITNESS FOR A PARTICULAR PURPOSE.  See the
  12:tmk_core/common/host.c **** GNU General Public License for more details.
  13:tmk_core/common/host.c **** 
  14:tmk_core/common/host.c **** You should have received a copy of the GNU General Public License
  15:tmk_core/common/host.c **** along with this program.  If not, see <http://www.gnu.org/licenses/>.
  16:tmk_core/common/host.c **** */
  17:tmk_core/common/host.c **** 
  18:tmk_core/common/host.c **** #include <stdint.h>
  19:tmk_core/common/host.c **** //#include <avr/interrupt.h>
  20:tmk_core/common/host.c **** #include "keycode.h"
  21:tmk_core/common/host.c **** #include "host.h"
  22:tmk_core/common/host.c **** #include "util.h"
  23:tmk_core/common/host.c **** #include "debug.h"
  24:tmk_core/common/host.c **** 
  25:tmk_core/common/host.c **** #ifdef NKRO_ENABLE
  26:tmk_core/common/host.c **** #    include "keycode_config.h"
  27:tmk_core/common/host.c **** extern keymap_config_t keymap_config;
  28:tmk_core/common/host.c **** #endif
  29:tmk_core/common/host.c **** 
  30:tmk_core/common/host.c **** static host_driver_t *driver;
  31:tmk_core/common/host.c **** static uint16_t       last_system_report   = 0;
  32:tmk_core/common/host.c **** static uint16_t       last_consumer_report = 0;
  33:tmk_core/common/host.c **** 
  34:tmk_core/common/host.c **** void host_set_driver(host_driver_t *d) { driver = d; }
  16               		.loc 1 34 0
  17               		.cfi_startproc
  18               	.LVL0:
  19               	/* prologue: function */
  20               	/* frame size = 0 */
  21               	/* stack size = 0 */
  22               	.L__stack_usage = 0
  23               		.loc 1 34 0
  24 0000 9093 0000 		sts driver+1,r25
  25 0004 8093 0000 		sts driver,r24
  26 0008 0895      		ret
  27               		.cfi_endproc
  28               	.LFE0:
  30               		.section	.text.host_get_driver,"ax",@progbits
  31               	.global	host_get_driver
  33               	host_get_driver:
  34               	.LFB1:
  35:tmk_core/common/host.c **** 
  36:tmk_core/common/host.c **** host_driver_t *host_get_driver(void) { return driver; }
  35               		.loc 1 36 0
  36               		.cfi_startproc
  37               	/* prologue: function */
  38               	/* frame size = 0 */
  39               	/* stack size = 0 */
  40               	.L__stack_usage = 0
  41               		.loc 1 36 0
  42 0000 8091 0000 		lds r24,driver
  43 0004 9091 0000 		lds r25,driver+1
  44 0008 0895      		ret
  45               		.cfi_endproc
  46               	.LFE1:
  48               		.section	.text.host_keyboard_leds,"ax",@progbits
  49               	.global	host_keyboard_leds
  51               	host_keyboard_leds:
  52               	.LFB2:
  37:tmk_core/common/host.c **** 
  38:tmk_core/common/host.c **** uint8_t host_keyboard_leds(void) {
  53               		.loc 1 38 0
  54               		.cfi_startproc
  55               	/* prologue: function */
  56               	/* frame size = 0 */
  57               	/* stack size = 0 */
  58               	.L__stack_usage = 0
  39:tmk_core/common/host.c ****     if (!driver) return 0;
  59               		.loc 1 39 0
  60 0000 E091 0000 		lds r30,driver
  61 0004 F091 0000 		lds r31,driver+1
  62 0008 3097      		sbiw r30,0
  63 000a 01F0      		breq .L4
  40:tmk_core/common/host.c ****     return (*driver->keyboard_leds)();
  64               		.loc 1 40 0
  65 000c 0190      		ld __tmp_reg__,Z+
  66 000e F081      		ld r31,Z
  67 0010 E02D      		mov r30,__tmp_reg__
  68 0012 0994      		ijmp
  69               	.LVL1:
  70               	.L4:
  41:tmk_core/common/host.c **** }
  71               		.loc 1 41 0
  72 0014 80E0      		ldi r24,0
  73 0016 0895      		ret
  74               		.cfi_endproc
  75               	.LFE2:
  77               		.section	.text.host_keyboard_led_state,"ax",@progbits
  78               	.global	host_keyboard_led_state
  80               	host_keyboard_led_state:
  81               	.LFB3:
  42:tmk_core/common/host.c **** 
  43:tmk_core/common/host.c **** led_t host_keyboard_led_state(void) {
  82               		.loc 1 43 0
  83               		.cfi_startproc
  84               	/* prologue: function */
  85               	/* frame size = 0 */
  86               	/* stack size = 0 */
  87               	.L__stack_usage = 0
  44:tmk_core/common/host.c ****     if (!driver) return (led_t) {0};
  88               		.loc 1 44 0
  89 0000 E091 0000 		lds r30,driver
  90 0004 F091 0000 		lds r31,driver+1
  91 0008 3097      		sbiw r30,0
  92 000a 01F4      		brne .L7
  93               		.loc 1 44 0 is_stmt 0 discriminator 1
  94 000c 80E0      		ldi r24,0
  95 000e 0895      		ret
  96               	.L7:
  45:tmk_core/common/host.c ****     return (led_t)((*driver->keyboard_leds)());
  97               		.loc 1 45 0 is_stmt 1
  98 0010 0190      		ld __tmp_reg__,Z+
  99 0012 F081      		ld r31,Z
 100 0014 E02D      		mov r30,__tmp_reg__
 101 0016 0995      		icall
 102               	.LVL2:
  46:tmk_core/common/host.c **** }
 103               		.loc 1 46 0
 104 0018 0895      		ret
 105               		.cfi_endproc
 106               	.LFE3:
 108               		.section	.text.host_keyboard_send,"ax",@progbits
 109               	.global	host_keyboard_send
 111               	host_keyboard_send:
 112               	.LFB4:
  47:tmk_core/common/host.c **** 
  48:tmk_core/common/host.c **** /* send report */
  49:tmk_core/common/host.c **** void host_keyboard_send(report_keyboard_t *report) {
 113               		.loc 1 49 0
 114               		.cfi_startproc
 115               	.LVL3:
 116               	/* prologue: function */
 117               	/* frame size = 0 */
 118               	/* stack size = 0 */
 119               	.L__stack_usage = 0
  50:tmk_core/common/host.c ****     if (!driver) return;
 120               		.loc 1 50 0
 121 0000 E091 0000 		lds r30,driver
 122 0004 F091 0000 		lds r31,driver+1
 123 0008 3097      		sbiw r30,0
 124 000a 01F0      		breq .L9
  51:tmk_core/common/host.c **** #if defined(NKRO_ENABLE) && defined(NKRO_SHARED_EP)
  52:tmk_core/common/host.c ****     if (keyboard_protocol && keymap_config.nkro) {
  53:tmk_core/common/host.c ****         /* The callers of this function assume that report->mods is where mods go in.
  54:tmk_core/common/host.c ****          * But report->nkro.mods can be at a different offset if core keyboard does not have a repo
  55:tmk_core/common/host.c ****          */
  56:tmk_core/common/host.c ****         report->nkro.mods      = report->mods;
  57:tmk_core/common/host.c ****         report->nkro.report_id = REPORT_ID_NKRO;
  58:tmk_core/common/host.c ****     } else
  59:tmk_core/common/host.c **** #endif
  60:tmk_core/common/host.c ****     {
  61:tmk_core/common/host.c **** #ifdef KEYBOARD_SHARED_EP
  62:tmk_core/common/host.c ****         report->report_id = REPORT_ID_KEYBOARD;
  63:tmk_core/common/host.c **** #endif
  64:tmk_core/common/host.c ****     }
  65:tmk_core/common/host.c ****     (*driver->send_keyboard)(report);
 125               		.loc 1 65 0
 126 000c 0280      		ldd __tmp_reg__,Z+2
 127 000e F381      		ldd r31,Z+3
 128 0010 E02D      		mov r30,__tmp_reg__
 129 0012 0994      		ijmp
 130               	.LVL4:
 131               	.L9:
 132 0014 0895      		ret
 133               		.cfi_endproc
 134               	.LFE4:
 136               		.section	.text.host_mouse_send,"ax",@progbits
 137               	.global	host_mouse_send
 139               	host_mouse_send:
 140               	.LFB5:
  66:tmk_core/common/host.c **** 
  67:tmk_core/common/host.c ****     if (debug_keyboard) {
  68:tmk_core/common/host.c ****         dprint("keyboard_report: ");
  69:tmk_core/common/host.c ****         for (uint8_t i = 0; i < KEYBOARD_REPORT_SIZE; i++) {
  70:tmk_core/common/host.c ****             dprintf("%02X ", report->raw[i]);
  71:tmk_core/common/host.c ****         }
  72:tmk_core/common/host.c ****         dprint("\n");
  73:tmk_core/common/host.c ****     }
  74:tmk_core/common/host.c **** }
  75:tmk_core/common/host.c **** 
  76:tmk_core/common/host.c **** void host_mouse_send(report_mouse_t *report) {
 141               		.loc 1 76 0
 142               		.cfi_startproc
 143               	.LVL5:
 144               	/* prologue: function */
 145               	/* frame size = 0 */
 146               	/* stack size = 0 */
 147               	.L__stack_usage = 0
  77:tmk_core/common/host.c ****     if (!driver) return;
 148               		.loc 1 77 0
 149 0000 E091 0000 		lds r30,driver
 150 0004 F091 0000 		lds r31,driver+1
 151 0008 3097      		sbiw r30,0
 152 000a 01F0      		breq .L11
  78:tmk_core/common/host.c **** #ifdef MOUSE_SHARED_EP
  79:tmk_core/common/host.c ****     report->report_id = REPORT_ID_MOUSE;
  80:tmk_core/common/host.c **** #endif
  81:tmk_core/common/host.c ****     (*driver->send_mouse)(report);
 153               		.loc 1 81 0
 154 000c 0480      		ldd __tmp_reg__,Z+4
 155 000e F581      		ldd r31,Z+5
 156 0010 E02D      		mov r30,__tmp_reg__
 157 0012 0994      		ijmp
 158               	.LVL6:
 159               	.L11:
 160 0014 0895      		ret
 161               		.cfi_endproc
 162               	.LFE5:
 164               		.section	.text.host_system_send,"ax",@progbits
 165               	.global	host_system_send
 167               	host_system_send:
 168               	.LFB6:
  82:tmk_core/common/host.c **** }
  83:tmk_core/common/host.c **** 
  84:tmk_core/common/host.c **** void host_system_send(uint16_t report) {
 169               		.loc 1 84 0
 170               		.cfi_startproc
 171               	.LVL7:
 172               	/* prologue: function */
 173               	/* frame size = 0 */
 174               	/* stack size = 0 */
 175               	.L__stack_usage = 0
  85:tmk_core/common/host.c ****     if (report == last_system_report) return;
 176               		.loc 1 85 0
 177 0000 2091 0000 		lds r18,last_system_report
 178 0004 3091 0000 		lds r19,last_system_report+1
 179 0008 2817      		cp r18,r24
 180 000a 3907      		cpc r19,r25
 181 000c 01F0      		breq .L13
  86:tmk_core/common/host.c ****     last_system_report = report;
 182               		.loc 1 86 0
 183 000e 9093 0000 		sts last_system_report+1,r25
 184 0012 8093 0000 		sts last_system_report,r24
  87:tmk_core/common/host.c **** 
  88:tmk_core/common/host.c ****     if (!driver) return;
 185               		.loc 1 88 0
 186 0016 E091 0000 		lds r30,driver
 187 001a F091 0000 		lds r31,driver+1
 188 001e 3097      		sbiw r30,0
 189 0020 01F0      		breq .L13
  89:tmk_core/common/host.c ****     (*driver->send_system)(report);
 190               		.loc 1 89 0
 191 0022 0680      		ldd __tmp_reg__,Z+6
 192 0024 F781      		ldd r31,Z+7
 193 0026 E02D      		mov r30,__tmp_reg__
 194 0028 0994      		ijmp
 195               	.LVL8:
 196               	.L13:
 197 002a 0895      		ret
 198               		.cfi_endproc
 199               	.LFE6:
 201               		.section	.text.host_consumer_send,"ax",@progbits
 202               	.global	host_consumer_send
 204               	host_consumer_send:
 205               	.LFB7:
  90:tmk_core/common/host.c **** }
  91:tmk_core/common/host.c **** 
  92:tmk_core/common/host.c **** void host_consumer_send(uint16_t report) {
 206               		.loc 1 92 0
 207               		.cfi_startproc
 208               	.LVL9:
 209               	/* prologue: function */
 210               	/* frame size = 0 */
 211               	/* stack size = 0 */
 212               	.L__stack_usage = 0
  93:tmk_core/common/host.c ****     if (report == last_consumer_report) return;
 213               		.loc 1 93 0
 214 0000 2091 0000 		lds r18,last_consumer_report
 215 0004 3091 0000 		lds r19,last_consumer_report+1
 216 0008 2817      		cp r18,r24
 217 000a 3907      		cpc r19,r25
 218 000c 01F0      		breq .L20
  94:tmk_core/common/host.c ****     last_consumer_report = report;
 219               		.loc 1 94 0
 220 000e 9093 0000 		sts last_consumer_report+1,r25
 221 0012 8093 0000 		sts last_consumer_report,r24
  95:tmk_core/common/host.c **** 
  96:tmk_core/common/host.c ****     if (!driver) return;
 222               		.loc 1 96 0
 223 0016 E091 0000 		lds r30,driver
 224 001a F091 0000 		lds r31,driver+1
 225 001e 3097      		sbiw r30,0
 226 0020 01F0      		breq .L20
  97:tmk_core/common/host.c ****     (*driver->send_consumer)(report);
 227               		.loc 1 97 0
 228 0022 0084      		ldd __tmp_reg__,Z+8
 229 0024 F185      		ldd r31,Z+9
 230 0026 E02D      		mov r30,__tmp_reg__
 231 0028 0994      		ijmp
 232               	.LVL10:
 233               	.L20:
 234 002a 0895      		ret
 235               		.cfi_endproc
 236               	.LFE7:
 238               		.section	.text.host_last_system_report,"ax",@progbits
 239               	.global	host_last_system_report
 241               	host_last_system_report:
 242               	.LFB8:
  98:tmk_core/common/host.c **** }
  99:tmk_core/common/host.c **** 
 100:tmk_core/common/host.c **** uint16_t host_last_system_report(void) { return last_system_report; }
 243               		.loc 1 100 0
 244               		.cfi_startproc
 245               	/* prologue: function */
 246               	/* frame size = 0 */
 247               	/* stack size = 0 */
 248               	.L__stack_usage = 0
 249               		.loc 1 100 0
 250 0000 8091 0000 		lds r24,last_system_report
 251 0004 9091 0000 		lds r25,last_system_report+1
 252 0008 0895      		ret
 253               		.cfi_endproc
 254               	.LFE8:
 256               		.section	.text.host_last_consumer_report,"ax",@progbits
 257               	.global	host_last_consumer_report
 259               	host_last_consumer_report:
 260               	.LFB9:
 101:tmk_core/common/host.c **** 
 102:tmk_core/common/host.c **** uint16_t host_last_consumer_report(void) { return last_consumer_report; }
 261               		.loc 1 102 0
 262               		.cfi_startproc
 263               	/* prologue: function */
 264               	/* frame size = 0 */
 265               	/* stack size = 0 */
 266               	.L__stack_usage = 0
 267               		.loc 1 102 0
 268 0000 8091 0000 		lds r24,last_consumer_report
 269 0004 9091 0000 		lds r25,last_consumer_report+1
 270 0008 0895      		ret
 271               		.cfi_endproc
 272               	.LFE9:
 274               		.section	.bss.last_consumer_report,"aw",@nobits
 277               	last_consumer_report:
 278 0000 0000      		.zero	2
 279               		.section	.bss.last_system_report,"aw",@nobits
 282               	last_system_report:
 283 0000 0000      		.zero	2
 284               		.section	.bss.driver,"aw",@nobits
 287               	driver:
 288 0000 0000      		.zero	2
 289               		.text
 290               	.Letext0:
 291               		.file 2 "/usr/lib/avr/include/stdint.h"
 292               		.file 3 "tmk_core/common/report.h"
 293               		.file 4 "tmk_core/common/host_driver.h"
 294               		.file 5 "tmk_core/common/led.h"
 295               		.file 6 "tmk_core/common/debug.h"
DEFINED SYMBOLS
                            *ABS*:0000000000000000 host.c
     /tmp/ccdH0mM0.s:2      *ABS*:000000000000003e __SP_H__
     /tmp/ccdH0mM0.s:3      *ABS*:000000000000003d __SP_L__
     /tmp/ccdH0mM0.s:4      *ABS*:000000000000003f __SREG__
     /tmp/ccdH0mM0.s:5      *ABS*:0000000000000000 __tmp_reg__
     /tmp/ccdH0mM0.s:6      *ABS*:0000000000000001 __zero_reg__
     /tmp/ccdH0mM0.s:13     .text.host_set_driver:0000000000000000 host_set_driver
     /tmp/ccdH0mM0.s:287    .bss.driver:0000000000000000 driver
     /tmp/ccdH0mM0.s:33     .text.host_get_driver:0000000000000000 host_get_driver
     /tmp/ccdH0mM0.s:51     .text.host_keyboard_leds:0000000000000000 host_keyboard_leds
     /tmp/ccdH0mM0.s:80     .text.host_keyboard_led_state:0000000000000000 host_keyboard_led_state
     /tmp/ccdH0mM0.s:111    .text.host_keyboard_send:0000000000000000 host_keyboard_send
     /tmp/ccdH0mM0.s:139    .text.host_mouse_send:0000000000000000 host_mouse_send
     /tmp/ccdH0mM0.s:167    .text.host_system_send:0000000000000000 host_system_send
     /tmp/ccdH0mM0.s:282    .bss.last_system_report:0000000000000000 last_system_report
     /tmp/ccdH0mM0.s:204    .text.host_consumer_send:0000000000000000 host_consumer_send
     /tmp/ccdH0mM0.s:277    .bss.last_consumer_report:0000000000000000 last_consumer_report
     /tmp/ccdH0mM0.s:241    .text.host_last_system_report:0000000000000000 host_last_system_report
     /tmp/ccdH0mM0.s:259    .text.host_last_consumer_report:0000000000000000 host_last_consumer_report

UNDEFINED SYMBOLS
__do_clear_bss
