   1               		.file	"report.c"
   2               	__SP_H__ = 0x3e
   3               	__SP_L__ = 0x3d
   4               	__SREG__ = 0x3f
   5               	__tmp_reg__ = 0
   6               	__zero_reg__ = 1
   7               		.text
   8               	.Ltext0:
   9               		.cfi_sections	.debug_frame
  10               		.section	.text.has_anykey,"ax",@progbits
  11               	.global	has_anykey
  13               	has_anykey:
  14               	.LVL0:
  15               	.LFB1:
  16               		.file 1 "tmk_core/common/report.c"
   1:tmk_core/common/report.c **** /* Copyright 2017 Fred Sundvik
   2:tmk_core/common/report.c ****  *
   3:tmk_core/common/report.c ****  * This program is free software: you can redistribute it and/or modify
   4:tmk_core/common/report.c ****  * it under the terms of the GNU General Public License as published by
   5:tmk_core/common/report.c ****  * the Free Software Foundation, either version 2 of the License, or
   6:tmk_core/common/report.c ****  * (at your option) any later version.
   7:tmk_core/common/report.c ****  *
   8:tmk_core/common/report.c ****  * This program is distributed in the hope that it will be useful,
   9:tmk_core/common/report.c ****  * but WITHOUT ANY WARRANTY; without even the implied warranty of
  10:tmk_core/common/report.c ****  * MERCHANTABILITY or FITNESS FOR A PARTICULAR PURPOSE.  See the
  11:tmk_core/common/report.c ****  * GNU General Public License for more details.
  12:tmk_core/common/report.c ****  *
  13:tmk_core/common/report.c ****  * You should have received a copy of the GNU General Public License
  14:tmk_core/common/report.c ****  * along with this program.  If not, see <http://www.gnu.org/licenses/>.
  15:tmk_core/common/report.c ****  */
  16:tmk_core/common/report.c **** 
  17:tmk_core/common/report.c **** #include "report.h"
  18:tmk_core/common/report.c **** #include "host.h"
  19:tmk_core/common/report.c **** #include "keycode_config.h"
  20:tmk_core/common/report.c **** #include "debug.h"
  21:tmk_core/common/report.c **** #include "util.h"
  22:tmk_core/common/report.c **** #include <string.h>
  23:tmk_core/common/report.c **** 
  24:tmk_core/common/report.c **** /** \brief has_anykey
  25:tmk_core/common/report.c ****  *
  26:tmk_core/common/report.c ****  * FIXME: Needs doc
  27:tmk_core/common/report.c ****  */
  28:tmk_core/common/report.c **** uint8_t has_anykey(report_keyboard_t* keyboard_report) {
  17               		.loc 1 28 56 view -0
  18               		.cfi_startproc
  19               	/* prologue: function */
  20               	/* frame size = 0 */
  21               	/* stack size = 0 */
  22               	.L__stack_usage = 0
  29:tmk_core/common/report.c ****     uint8_t  cnt = 0;
  23               		.loc 1 29 5 view .LVU1
  30:tmk_core/common/report.c ****     uint8_t* p   = keyboard_report->keys;
  24               		.loc 1 30 5 view .LVU2
  25               		.loc 1 30 14 is_stmt 0 view .LVU3
  26 0000 9C01      		movw r18,r24
  27 0002 2E5F      		subi r18,-2
  28 0004 3F4F      		sbci r19,-1
  29               	.LVL1:
  31:tmk_core/common/report.c ****     uint8_t  lp  = sizeof(keyboard_report->keys);
  30               		.loc 1 31 5 is_stmt 1 view .LVU4
  32:tmk_core/common/report.c **** #ifdef NKRO_ENABLE
  33:tmk_core/common/report.c ****     if (keyboard_protocol && keymap_config.nkro) {
  34:tmk_core/common/report.c ****         p  = keyboard_report->nkro.bits;
  35:tmk_core/common/report.c ****         lp = sizeof(keyboard_report->nkro.bits);
  36:tmk_core/common/report.c ****     }
  37:tmk_core/common/report.c **** #endif
  38:tmk_core/common/report.c ****     while (lp--) {
  31               		.loc 1 38 5 view .LVU5
  32 0006 AC01      		movw r20,r24
  33 0008 485F      		subi r20,-8
  34 000a 5F4F      		sbci r21,-1
  29:tmk_core/common/report.c ****     uint8_t* p   = keyboard_report->keys;
  35               		.loc 1 29 14 is_stmt 0 view .LVU6
  36 000c 80E0      		ldi r24,0
  37               	.LVL2:
  38               	.L2:
  39               		.loc 1 38 11 is_stmt 1 view .LVU7
  40               		.loc 1 38 11 is_stmt 0 view .LVU8
  41 000e 2417      		cp r18,r20
  42 0010 3507      		cpc r19,r21
  43 0012 01F4      		brne .L4
  44               	/* epilogue start */
  39:tmk_core/common/report.c ****         if (*p++) cnt++;
  40:tmk_core/common/report.c ****     }
  41:tmk_core/common/report.c ****     return cnt;
  42:tmk_core/common/report.c **** }
  45               		.loc 1 42 1 view .LVU9
  46 0014 0895      		ret
  47               	.L4:
  39:tmk_core/common/report.c ****         if (*p++) cnt++;
  48               		.loc 1 39 9 is_stmt 1 view .LVU10
  39:tmk_core/common/report.c ****         if (*p++) cnt++;
  49               		.loc 1 39 12 is_stmt 0 view .LVU11
  50 0016 F901      		movw r30,r18
  51 0018 9191      		ld r25,Z+
  52 001a 9F01      		movw r18,r30
  53               	.LVL3:
  39:tmk_core/common/report.c ****         if (*p++) cnt++;
  54               		.loc 1 39 12 view .LVU12
  55 001c 9923      		tst r25
  56 001e 01F0      		breq .L2
  39:tmk_core/common/report.c ****         if (*p++) cnt++;
  57               		.loc 1 39 19 is_stmt 1 discriminator 1 view .LVU13
  39:tmk_core/common/report.c ****         if (*p++) cnt++;
  58               		.loc 1 39 22 is_stmt 0 discriminator 1 view .LVU14
  59 0020 8F5F      		subi r24,lo8(-(1))
  60               	.LVL4:
  39:tmk_core/common/report.c ****         if (*p++) cnt++;
  61               		.loc 1 39 22 discriminator 1 view .LVU15
  62 0022 00C0      		rjmp .L2
  63               		.cfi_endproc
  64               	.LFE1:
  66               		.section	.text.get_first_key,"ax",@progbits
  67               	.global	get_first_key
  69               	get_first_key:
  70               	.LVL5:
  71               	.LFB2:
  43:tmk_core/common/report.c **** 
  44:tmk_core/common/report.c **** /** \brief get_first_key
  45:tmk_core/common/report.c ****  *
  46:tmk_core/common/report.c ****  * FIXME: Needs doc
  47:tmk_core/common/report.c ****  */
  48:tmk_core/common/report.c **** uint8_t get_first_key(report_keyboard_t* keyboard_report) {
  72               		.loc 1 48 59 is_stmt 1 view -0
  73               		.cfi_startproc
  74               	/* prologue: function */
  75               	/* frame size = 0 */
  76               	/* stack size = 0 */
  77               	.L__stack_usage = 0
  49:tmk_core/common/report.c **** #ifdef NKRO_ENABLE
  50:tmk_core/common/report.c ****     if (keyboard_protocol && keymap_config.nkro) {
  51:tmk_core/common/report.c ****         uint8_t i = 0;
  52:tmk_core/common/report.c ****         for (; i < KEYBOARD_REPORT_BITS && !keyboard_report->nkro.bits[i]; i++)
  53:tmk_core/common/report.c ****             ;
  54:tmk_core/common/report.c ****         return i << 3 | biton(keyboard_report->nkro.bits[i]);
  55:tmk_core/common/report.c ****     }
  56:tmk_core/common/report.c **** #endif
  57:tmk_core/common/report.c **** #ifdef USB_6KRO_ENABLE
  58:tmk_core/common/report.c ****     uint8_t i = cb_head;
  59:tmk_core/common/report.c ****     do {
  60:tmk_core/common/report.c ****         if (keyboard_report->keys[i] != 0) {
  61:tmk_core/common/report.c ****             break;
  62:tmk_core/common/report.c ****         }
  63:tmk_core/common/report.c ****         i = RO_INC(i);
  64:tmk_core/common/report.c ****     } while (i != cb_tail);
  65:tmk_core/common/report.c ****     return keyboard_report->keys[i];
  66:tmk_core/common/report.c **** #else
  67:tmk_core/common/report.c ****     return keyboard_report->keys[0];
  78               		.loc 1 67 5 view .LVU17
  68:tmk_core/common/report.c **** #endif
  69:tmk_core/common/report.c **** }
  79               		.loc 1 69 1 is_stmt 0 view .LVU18
  80 0000 FC01      		movw r30,r24
  81 0002 8281      		ldd r24,Z+2
  82               	.LVL6:
  83               	/* epilogue start */
  84               		.loc 1 69 1 view .LVU19
  85 0004 0895      		ret
  86               		.cfi_endproc
  87               	.LFE2:
  89               		.section	.text.add_key_byte,"ax",@progbits
  90               	.global	add_key_byte
  92               	add_key_byte:
  93               	.LVL7:
  94               	.LFB3:
  70:tmk_core/common/report.c **** 
  71:tmk_core/common/report.c **** /** \brief add key byte
  72:tmk_core/common/report.c ****  *
  73:tmk_core/common/report.c ****  * FIXME: Needs doc
  74:tmk_core/common/report.c ****  */
  75:tmk_core/common/report.c **** void add_key_byte(report_keyboard_t* keyboard_report, uint8_t code) {
  95               		.loc 1 75 69 is_stmt 1 view -0
  96               		.cfi_startproc
  97               	/* prologue: function */
  98               	/* frame size = 0 */
  99               	/* stack size = 0 */
 100               	.L__stack_usage = 0
 101               		.loc 1 75 69 is_stmt 0 view .LVU21
 102 0000 9C01      		movw r18,r24
  76:tmk_core/common/report.c **** #ifdef USB_6KRO_ENABLE
  77:tmk_core/common/report.c ****     int8_t i     = cb_head;
  78:tmk_core/common/report.c ****     int8_t empty = -1;
  79:tmk_core/common/report.c ****     if (cb_count) {
  80:tmk_core/common/report.c ****         do {
  81:tmk_core/common/report.c ****             if (keyboard_report->keys[i] == code) {
  82:tmk_core/common/report.c ****                 return;
  83:tmk_core/common/report.c ****             }
  84:tmk_core/common/report.c ****             if (empty == -1 && keyboard_report->keys[i] == 0) {
  85:tmk_core/common/report.c ****                 empty = i;
  86:tmk_core/common/report.c ****             }
  87:tmk_core/common/report.c ****             i = RO_INC(i);
  88:tmk_core/common/report.c ****         } while (i != cb_tail);
  89:tmk_core/common/report.c ****         if (i == cb_tail) {
  90:tmk_core/common/report.c ****             if (cb_tail == cb_head) {
  91:tmk_core/common/report.c ****                 // buffer is full
  92:tmk_core/common/report.c ****                 if (empty == -1) {
  93:tmk_core/common/report.c ****                     // pop head when has no empty space
  94:tmk_core/common/report.c ****                     cb_head = RO_INC(cb_head);
  95:tmk_core/common/report.c ****                     cb_count--;
  96:tmk_core/common/report.c ****                 } else {
  97:tmk_core/common/report.c ****                     // left shift when has empty space
  98:tmk_core/common/report.c ****                     uint8_t offset = 1;
  99:tmk_core/common/report.c ****                     i              = RO_INC(empty);
 100:tmk_core/common/report.c ****                     do {
 101:tmk_core/common/report.c ****                         if (keyboard_report->keys[i] != 0) {
 102:tmk_core/common/report.c ****                             keyboard_report->keys[empty] = keyboard_report->keys[i];
 103:tmk_core/common/report.c ****                             keyboard_report->keys[i]     = 0;
 104:tmk_core/common/report.c ****                             empty                        = RO_INC(empty);
 105:tmk_core/common/report.c ****                         } else {
 106:tmk_core/common/report.c ****                             offset++;
 107:tmk_core/common/report.c ****                         }
 108:tmk_core/common/report.c ****                         i = RO_INC(i);
 109:tmk_core/common/report.c ****                     } while (i != cb_tail);
 110:tmk_core/common/report.c ****                     cb_tail = RO_SUB(cb_tail, offset);
 111:tmk_core/common/report.c ****                 }
 112:tmk_core/common/report.c ****             }
 113:tmk_core/common/report.c ****         }
 114:tmk_core/common/report.c ****     }
 115:tmk_core/common/report.c ****     // add to tail
 116:tmk_core/common/report.c ****     keyboard_report->keys[cb_tail] = code;
 117:tmk_core/common/report.c ****     cb_tail                        = RO_INC(cb_tail);
 118:tmk_core/common/report.c ****     cb_count++;
 119:tmk_core/common/report.c **** #else
 120:tmk_core/common/report.c ****     int8_t i     = 0;
 103               		.loc 1 120 5 is_stmt 1 view .LVU22
 104               	.LVL8:
 121:tmk_core/common/report.c ****     int8_t empty = -1;
 105               		.loc 1 121 5 view .LVU23
 122:tmk_core/common/report.c ****     for (; i < KEYBOARD_REPORT_KEYS; i++) {
 106               		.loc 1 122 5 view .LVU24
 107               		.loc 1 122 12 view .LVU25
 108 0002 FC01      		movw r30,r24
 109 0004 3296      		adiw r30,2
 121:tmk_core/common/report.c ****     int8_t empty = -1;
 110               		.loc 1 121 12 is_stmt 0 view .LVU26
 111 0006 9FEF      		ldi r25,lo8(-1)
 120:tmk_core/common/report.c ****     int8_t empty = -1;
 112               		.loc 1 120 12 view .LVU27
 113 0008 80E0      		ldi r24,0
 114               	.LVL9:
 115               	.L12:
 123:tmk_core/common/report.c ****         if (keyboard_report->keys[i] == code) {
 116               		.loc 1 123 9 is_stmt 1 view .LVU28
 117               		.loc 1 123 34 is_stmt 0 view .LVU29
 118 000a 4191      		ld r20,Z+
 119               		.loc 1 123 12 view .LVU30
 120 000c 4617      		cp r20,r22
 121 000e 01F0      		breq .L9
 124:tmk_core/common/report.c ****             break;
 125:tmk_core/common/report.c ****         }
 126:tmk_core/common/report.c ****         if (empty == -1 && keyboard_report->keys[i] == 0) {
 122               		.loc 1 126 9 is_stmt 1 view .LVU31
 123               		.loc 1 126 12 is_stmt 0 view .LVU32
 124 0010 9F3F      		cpi r25,lo8(-1)
 125 0012 01F4      		brne .L11
 126               		.loc 1 126 25 discriminator 1 view .LVU33
 127 0014 4111      		cpse r20,__zero_reg__
 128 0016 00C0      		rjmp .L11
 129               		.loc 1 126 25 view .LVU34
 130 0018 982F      		mov r25,r24
 131               	.LVL10:
 132               	.L11:
 122:tmk_core/common/report.c ****         if (keyboard_report->keys[i] == code) {
 133               		.loc 1 122 38 is_stmt 1 view .LVU35
 134 001a 8F5F      		subi r24,lo8(-(1))
 135               	.LVL11:
 122:tmk_core/common/report.c ****         if (keyboard_report->keys[i] == code) {
 136               		.loc 1 122 12 view .LVU36
 122:tmk_core/common/report.c ****         if (keyboard_report->keys[i] == code) {
 137               		.loc 1 122 5 is_stmt 0 view .LVU37
 138 001c 8630      		cpi r24,lo8(6)
 139 001e 01F4      		brne .L12
 127:tmk_core/common/report.c ****             empty = i;
 128:tmk_core/common/report.c ****         }
 129:tmk_core/common/report.c ****     }
 130:tmk_core/common/report.c ****     if (i == KEYBOARD_REPORT_KEYS) {
 140               		.loc 1 130 5 is_stmt 1 view .LVU38
 131:tmk_core/common/report.c ****         if (empty != -1) {
 141               		.loc 1 131 9 view .LVU39
 142               		.loc 1 131 12 is_stmt 0 view .LVU40
 143 0020 9F3F      		cpi r25,lo8(-1)
 144 0022 01F4      		brne .L14
 145               	.L9:
 146               	/* epilogue start */
 132:tmk_core/common/report.c ****             keyboard_report->keys[empty] = code;
 133:tmk_core/common/report.c ****         }
 134:tmk_core/common/report.c ****     }
 135:tmk_core/common/report.c **** #endif
 136:tmk_core/common/report.c **** }
 147               		.loc 1 136 1 view .LVU41
 148 0024 0895      		ret
 149               	.L14:
 132:tmk_core/common/report.c ****             keyboard_report->keys[empty] = code;
 150               		.loc 1 132 13 is_stmt 1 view .LVU42
 132:tmk_core/common/report.c ****             keyboard_report->keys[empty] = code;
 151               		.loc 1 132 42 is_stmt 0 view .LVU43
 152 0026 290F      		add r18,r25
 153 0028 311D      		adc r19,__zero_reg__
 154 002a 97FD      		sbrc r25,7
 155 002c 3A95      		dec r19
 156               	.LVL12:
 132:tmk_core/common/report.c ****             keyboard_report->keys[empty] = code;
 157               		.loc 1 132 42 view .LVU44
 158 002e F901      		movw r30,r18
 159 0030 6283      		std Z+2,r22
 160               		.loc 1 136 1 view .LVU45
 161 0032 0895      		ret
 162               		.cfi_endproc
 163               	.LFE3:
 165               		.section	.text.del_key_byte,"ax",@progbits
 166               	.global	del_key_byte
 168               	del_key_byte:
 169               	.LVL13:
 170               	.LFB4:
 137:tmk_core/common/report.c **** 
 138:tmk_core/common/report.c **** /** \brief del key byte
 139:tmk_core/common/report.c ****  *
 140:tmk_core/common/report.c ****  * FIXME: Needs doc
 141:tmk_core/common/report.c ****  */
 142:tmk_core/common/report.c **** void del_key_byte(report_keyboard_t* keyboard_report, uint8_t code) {
 171               		.loc 1 142 69 is_stmt 1 view -0
 172               		.cfi_startproc
 173               	/* prologue: function */
 174               	/* frame size = 0 */
 175               	/* stack size = 0 */
 176               	.L__stack_usage = 0
 143:tmk_core/common/report.c **** #ifdef USB_6KRO_ENABLE
 144:tmk_core/common/report.c ****     uint8_t i = cb_head;
 145:tmk_core/common/report.c ****     if (cb_count) {
 146:tmk_core/common/report.c ****         do {
 147:tmk_core/common/report.c ****             if (keyboard_report->keys[i] == code) {
 148:tmk_core/common/report.c ****                 keyboard_report->keys[i] = 0;
 149:tmk_core/common/report.c ****                 cb_count--;
 150:tmk_core/common/report.c ****                 if (cb_count == 0) {
 151:tmk_core/common/report.c ****                     // reset head and tail
 152:tmk_core/common/report.c ****                     cb_tail = cb_head = 0;
 153:tmk_core/common/report.c ****                 }
 154:tmk_core/common/report.c ****                 if (i == RO_DEC(cb_tail)) {
 155:tmk_core/common/report.c ****                     // left shift when next to tail
 156:tmk_core/common/report.c ****                     do {
 157:tmk_core/common/report.c ****                         cb_tail = RO_DEC(cb_tail);
 158:tmk_core/common/report.c ****                         if (keyboard_report->keys[RO_DEC(cb_tail)] != 0) {
 159:tmk_core/common/report.c ****                             break;
 160:tmk_core/common/report.c ****                         }
 161:tmk_core/common/report.c ****                     } while (cb_tail != cb_head);
 162:tmk_core/common/report.c ****                 }
 163:tmk_core/common/report.c ****                 break;
 164:tmk_core/common/report.c ****             }
 165:tmk_core/common/report.c ****             i = RO_INC(i);
 166:tmk_core/common/report.c ****         } while (i != cb_tail);
 167:tmk_core/common/report.c ****     }
 168:tmk_core/common/report.c **** #else
 169:tmk_core/common/report.c ****     for (uint8_t i = 0; i < KEYBOARD_REPORT_KEYS; i++) {
 177               		.loc 1 169 5 view .LVU47
 178               	.LBB2:
 179               		.loc 1 169 10 view .LVU48
 180               		.loc 1 169 25 view .LVU49
 181 0000 FC01      		movw r30,r24
 182 0002 3296      		adiw r30,2
 183 0004 0896      		adiw r24,8
 184               	.LVL14:
 185               	.L19:
 170:tmk_core/common/report.c ****         if (keyboard_report->keys[i] == code) {
 186               		.loc 1 170 9 view .LVU50
 187               		.loc 1 170 34 is_stmt 0 view .LVU51
 188 0006 2191      		ld r18,Z+
 189               	.LVL15:
 190               		.loc 1 170 12 view .LVU52
 191 0008 2613      		cpse r18,r22
 192 000a 00C0      		rjmp .L18
 171:tmk_core/common/report.c ****             keyboard_report->keys[i] = 0;
 193               		.loc 1 171 13 is_stmt 1 view .LVU53
 194               		.loc 1 171 38 is_stmt 0 view .LVU54
 195 000c DF01      		movw r26,r30
 196 000e 1197      		sbiw r26,1
 197 0010 1C92      		st X,__zero_reg__
 198               	.L18:
 169:tmk_core/common/report.c ****         if (keyboard_report->keys[i] == code) {
 199               		.loc 1 169 51 is_stmt 1 discriminator 2 view .LVU55
 200               	.LVL16:
 169:tmk_core/common/report.c ****         if (keyboard_report->keys[i] == code) {
 201               		.loc 1 169 25 discriminator 2 view .LVU56
 169:tmk_core/common/report.c ****         if (keyboard_report->keys[i] == code) {
 202               		.loc 1 169 5 is_stmt 0 discriminator 2 view .LVU57
 203 0012 E817      		cp r30,r24
 204 0014 F907      		cpc r31,r25
 205 0016 01F4      		brne .L19
 206               	/* epilogue start */
 207               	.LBE2:
 172:tmk_core/common/report.c ****         }
 173:tmk_core/common/report.c ****     }
 174:tmk_core/common/report.c **** #endif
 175:tmk_core/common/report.c **** }
 208               		.loc 1 175 1 view .LVU58
 209 0018 0895      		ret
 210               		.cfi_endproc
 211               	.LFE4:
 213               		.section	.text.add_key_to_report,"ax",@progbits
 214               	.global	add_key_to_report
 216               	add_key_to_report:
 217               	.LVL17:
 218               	.LFB5:
 176:tmk_core/common/report.c **** 
 177:tmk_core/common/report.c **** #ifdef NKRO_ENABLE
 178:tmk_core/common/report.c **** /** \brief add key bit
 179:tmk_core/common/report.c ****  *
 180:tmk_core/common/report.c ****  * FIXME: Needs doc
 181:tmk_core/common/report.c ****  */
 182:tmk_core/common/report.c **** void add_key_bit(report_keyboard_t* keyboard_report, uint8_t code) {
 183:tmk_core/common/report.c ****     if ((code >> 3) < KEYBOARD_REPORT_BITS) {
 184:tmk_core/common/report.c ****         keyboard_report->nkro.bits[code >> 3] |= 1 << (code & 7);
 185:tmk_core/common/report.c ****     } else {
 186:tmk_core/common/report.c ****         dprintf("add_key_bit: can't add: %02X\n", code);
 187:tmk_core/common/report.c ****     }
 188:tmk_core/common/report.c **** }
 189:tmk_core/common/report.c **** 
 190:tmk_core/common/report.c **** /** \brief del key bit
 191:tmk_core/common/report.c ****  *
 192:tmk_core/common/report.c ****  * FIXME: Needs doc
 193:tmk_core/common/report.c ****  */
 194:tmk_core/common/report.c **** void del_key_bit(report_keyboard_t* keyboard_report, uint8_t code) {
 195:tmk_core/common/report.c ****     if ((code >> 3) < KEYBOARD_REPORT_BITS) {
 196:tmk_core/common/report.c ****         keyboard_report->nkro.bits[code >> 3] &= ~(1 << (code & 7));
 197:tmk_core/common/report.c ****     } else {
 198:tmk_core/common/report.c ****         dprintf("del_key_bit: can't del: %02X\n", code);
 199:tmk_core/common/report.c ****     }
 200:tmk_core/common/report.c **** }
 201:tmk_core/common/report.c **** #endif
 202:tmk_core/common/report.c **** 
 203:tmk_core/common/report.c **** /** \brief add key to report
 204:tmk_core/common/report.c ****  *
 205:tmk_core/common/report.c ****  * FIXME: Needs doc
 206:tmk_core/common/report.c ****  */
 207:tmk_core/common/report.c **** void add_key_to_report(report_keyboard_t* keyboard_report, uint8_t key) {
 219               		.loc 1 207 73 is_stmt 1 view -0
 220               		.cfi_startproc
 221               	/* prologue: function */
 222               	/* frame size = 0 */
 223               	/* stack size = 0 */
 224               	.L__stack_usage = 0
 208:tmk_core/common/report.c **** #ifdef NKRO_ENABLE
 209:tmk_core/common/report.c ****     if (keyboard_protocol && keymap_config.nkro) {
 210:tmk_core/common/report.c ****         add_key_bit(keyboard_report, key);
 211:tmk_core/common/report.c ****         return;
 212:tmk_core/common/report.c ****     }
 213:tmk_core/common/report.c **** #endif
 214:tmk_core/common/report.c ****     add_key_byte(keyboard_report, key);
 225               		.loc 1 214 5 view .LVU60
 226 0000 0C94 0000 		jmp add_key_byte
 227               	.LVL18:
 228               		.loc 1 214 5 is_stmt 0 view .LVU61
 229               		.cfi_endproc
 230               	.LFE5:
 232               		.section	.text.del_key_from_report,"ax",@progbits
 233               	.global	del_key_from_report
 235               	del_key_from_report:
 236               	.LVL19:
 237               	.LFB6:
 215:tmk_core/common/report.c **** }
 216:tmk_core/common/report.c **** 
 217:tmk_core/common/report.c **** /** \brief del key from report
 218:tmk_core/common/report.c ****  *
 219:tmk_core/common/report.c ****  * FIXME: Needs doc
 220:tmk_core/common/report.c ****  */
 221:tmk_core/common/report.c **** void del_key_from_report(report_keyboard_t* keyboard_report, uint8_t key) {
 238               		.loc 1 221 75 is_stmt 1 view -0
 239               		.cfi_startproc
 240               	/* prologue: function */
 241               	/* frame size = 0 */
 242               	/* stack size = 0 */
 243               	.L__stack_usage = 0
 222:tmk_core/common/report.c **** #ifdef NKRO_ENABLE
 223:tmk_core/common/report.c ****     if (keyboard_protocol && keymap_config.nkro) {
 224:tmk_core/common/report.c ****         del_key_bit(keyboard_report, key);
 225:tmk_core/common/report.c ****         return;
 226:tmk_core/common/report.c ****     }
 227:tmk_core/common/report.c **** #endif
 228:tmk_core/common/report.c ****     del_key_byte(keyboard_report, key);
 244               		.loc 1 228 5 view .LVU63
 245 0000 0C94 0000 		jmp del_key_byte
 246               	.LVL20:
 247               		.loc 1 228 5 is_stmt 0 view .LVU64
 248               		.cfi_endproc
 249               	.LFE6:
 251               		.section	.text.clear_keys_from_report,"ax",@progbits
 252               	.global	clear_keys_from_report
 254               	clear_keys_from_report:
 255               	.LVL21:
 256               	.LFB7:
 229:tmk_core/common/report.c **** }
 230:tmk_core/common/report.c **** 
 231:tmk_core/common/report.c **** /** \brief clear key from report
 232:tmk_core/common/report.c ****  *
 233:tmk_core/common/report.c ****  * FIXME: Needs doc
 234:tmk_core/common/report.c ****  */
 235:tmk_core/common/report.c **** void clear_keys_from_report(report_keyboard_t* keyboard_report) {
 257               		.loc 1 235 65 is_stmt 1 view -0
 258               		.cfi_startproc
 259               	/* prologue: function */
 260               	/* frame size = 0 */
 261               	/* stack size = 0 */
 262               	.L__stack_usage = 0
 236:tmk_core/common/report.c ****     // not clear mods
 237:tmk_core/common/report.c **** #ifdef NKRO_ENABLE
 238:tmk_core/common/report.c ****     if (keyboard_protocol && keymap_config.nkro) {
 239:tmk_core/common/report.c ****         memset(keyboard_report->nkro.bits, 0, sizeof(keyboard_report->nkro.bits));
 240:tmk_core/common/report.c ****         return;
 241:tmk_core/common/report.c ****     }
 242:tmk_core/common/report.c **** #endif
 243:tmk_core/common/report.c ****     memset(keyboard_report->keys, 0, sizeof(keyboard_report->keys));
 263               		.loc 1 243 5 view .LVU66
 264 0000 0296      		adiw r24,2
 265               	.LVL22:
 266               		.loc 1 243 5 is_stmt 0 view .LVU67
 267 0002 26E0      		ldi r18,lo8(6)
 268 0004 FC01      		movw r30,r24
 269               		0:
 270 0006 1192      		st Z+,__zero_reg__
 271 0008 2A95      		dec r18
 272 000a 01F4      		brne 0b
 273               	/* epilogue start */
 244:tmk_core/common/report.c **** }
 274               		.loc 1 244 1 view .LVU68
 275 000c 0895      		ret
 276               		.cfi_endproc
 277               	.LFE7:
 279               		.text
 280               	.Letext0:
 281               		.file 2 "/usr/local/Cellar/avr-gcc@8/8.4.0/avr/include/stdint.h"
 282               		.file 3 "tmk_core/common/report.h"
 283               		.file 4 "tmk_core/common/host.h"
 284               		.file 5 "quantum/keycode_config.h"
 285               		.file 6 "tmk_core/common/avr/xprintf.h"
 286               		.file 7 "tmk_core/common/debug.h"
DEFINED SYMBOLS
                            *ABS*:0000000000000000 report.c
/var/folders/hg/m293bnw975q820z9tg0f9gdw0000gn/T//ccW7ruaB.s:2      *ABS*:000000000000003e __SP_H__
/var/folders/hg/m293bnw975q820z9tg0f9gdw0000gn/T//ccW7ruaB.s:3      *ABS*:000000000000003d __SP_L__
/var/folders/hg/m293bnw975q820z9tg0f9gdw0000gn/T//ccW7ruaB.s:4      *ABS*:000000000000003f __SREG__
/var/folders/hg/m293bnw975q820z9tg0f9gdw0000gn/T//ccW7ruaB.s:5      *ABS*:0000000000000000 __tmp_reg__
/var/folders/hg/m293bnw975q820z9tg0f9gdw0000gn/T//ccW7ruaB.s:6      *ABS*:0000000000000001 __zero_reg__
/var/folders/hg/m293bnw975q820z9tg0f9gdw0000gn/T//ccW7ruaB.s:13     .text.has_anykey:0000000000000000 has_anykey
/var/folders/hg/m293bnw975q820z9tg0f9gdw0000gn/T//ccW7ruaB.s:69     .text.get_first_key:0000000000000000 get_first_key
/var/folders/hg/m293bnw975q820z9tg0f9gdw0000gn/T//ccW7ruaB.s:92     .text.add_key_byte:0000000000000000 add_key_byte
/var/folders/hg/m293bnw975q820z9tg0f9gdw0000gn/T//ccW7ruaB.s:168    .text.del_key_byte:0000000000000000 del_key_byte
/var/folders/hg/m293bnw975q820z9tg0f9gdw0000gn/T//ccW7ruaB.s:216    .text.add_key_to_report:0000000000000000 add_key_to_report
/var/folders/hg/m293bnw975q820z9tg0f9gdw0000gn/T//ccW7ruaB.s:235    .text.del_key_from_report:0000000000000000 del_key_from_report
/var/folders/hg/m293bnw975q820z9tg0f9gdw0000gn/T//ccW7ruaB.s:254    .text.clear_keys_from_report:0000000000000000 clear_keys_from_report

NO UNDEFINED SYMBOLS
