   1               		.file	"keymap.c"
   2               	__SP_H__ = 0x3e
   3               	__SP_L__ = 0x3d
   4               	__SREG__ = 0x3f
   5               	__tmp_reg__ = 0
   6               	__zero_reg__ = 1
   7               		.text
   8               	.Ltext0:
   9               		.cfi_sections	.debug_frame
  10               		.section	.text.matrix_init_user,"ax",@progbits
  11               	.global	matrix_init_user
  13               	matrix_init_user:
  14               	.LFB19:
  15               		.file 1 "keyboards/minim/keymaps/default/keymap.c"
   1:keyboards/minim/keymaps/default/keymap.c **** /* Copyright 2019 Robin
   2:keyboards/minim/keymaps/default/keymap.c ****  *
   3:keyboards/minim/keymaps/default/keymap.c ****  * This program is free software: you can redistribute it and/or modify
   4:keyboards/minim/keymaps/default/keymap.c ****  * it under the terms of the GNU General Public License as published by
   5:keyboards/minim/keymaps/default/keymap.c ****  * the Free Software Foundation, either version 2 of the License, or
   6:keyboards/minim/keymaps/default/keymap.c ****  * (at your option) any later version.
   7:keyboards/minim/keymaps/default/keymap.c ****  *
   8:keyboards/minim/keymaps/default/keymap.c ****  * This program is distributed in the hope that it will be useful,
   9:keyboards/minim/keymaps/default/keymap.c ****  * but WITHOUT ANY WARRANTY; without even the implied warranty of
  10:keyboards/minim/keymaps/default/keymap.c ****  * MERCHANTABILITY or FITNESS FOR A PARTICULAR PURPOSE.  See the
  11:keyboards/minim/keymaps/default/keymap.c ****  * GNU General Public License for more details.
  12:keyboards/minim/keymaps/default/keymap.c ****  *
  13:keyboards/minim/keymaps/default/keymap.c ****  * You should have received a copy of the GNU General Public License
  14:keyboards/minim/keymaps/default/keymap.c ****  * along with this program.  If not, see <http://www.gnu.org/licenses/>.
  15:keyboards/minim/keymaps/default/keymap.c ****  */
  16:keyboards/minim/keymaps/default/keymap.c **** #include QMK_KEYBOARD_H
  17:keyboards/minim/keymaps/default/keymap.c **** 
  18:keyboards/minim/keymaps/default/keymap.c **** #define LPARAN RSFT(KC_8) // (
  19:keyboards/minim/keymaps/default/keymap.c **** #define RPARAN RSFT(KC_9) // )
  20:keyboards/minim/keymaps/default/keymap.c **** 
  21:keyboards/minim/keymaps/default/keymap.c **** #define LCBRACK RALT(KC_7) // {
  22:keyboards/minim/keymaps/default/keymap.c **** #define RCBRACK RALT(KC_0) // }
  23:keyboards/minim/keymaps/default/keymap.c **** 
  24:keyboards/minim/keymaps/default/keymap.c **** #define LHBRACK RALT(KC_8) // [
  25:keyboards/minim/keymaps/default/keymap.c **** #define RHBRACK RALT(KC_9) // ]
  26:keyboards/minim/keymaps/default/keymap.c **** 
  27:keyboards/minim/keymaps/default/keymap.c **** #define LCROCO KC_NUBS // <
  28:keyboards/minim/keymaps/default/keymap.c **** #define RCROCO LSFT(KC_NUBS) // > 
  29:keyboards/minim/keymaps/default/keymap.c **** 
  30:keyboards/minim/keymaps/default/keymap.c **** #define EQ RSFT(KC_0) // =
  31:keyboards/minim/keymaps/default/keymap.c **** 
  32:keyboards/minim/keymaps/default/keymap.c **** 
  33:keyboards/minim/keymaps/default/keymap.c **** enum layer_names {
  34:keyboards/minim/keymaps/default/keymap.c ****   _QWERTY = 0,
  35:keyboards/minim/keymaps/default/keymap.c ****   _LOWER = 3,
  36:keyboards/minim/keymaps/default/keymap.c ****   _RAISE = 4,
  37:keyboards/minim/keymaps/default/keymap.c ****   _ADJUST = 16,
  38:keyboards/minim/keymaps/default/keymap.c **** };
  39:keyboards/minim/keymaps/default/keymap.c **** 
  40:keyboards/minim/keymaps/default/keymap.c **** // Defines the keycodes used by our macros in process_record_user
  41:keyboards/minim/keymaps/default/keymap.c **** enum custom_keycodes {
  42:keyboards/minim/keymaps/default/keymap.c ****   QMKBEST = SAFE_RANGE,
  43:keyboards/minim/keymaps/default/keymap.c ****   LOWER,
  44:keyboards/minim/keymaps/default/keymap.c ****   RAISE,
  45:keyboards/minim/keymaps/default/keymap.c ****   ADJUST,
  46:keyboards/minim/keymaps/default/keymap.c **** };
  47:keyboards/minim/keymaps/default/keymap.c **** 
  48:keyboards/minim/keymaps/default/keymap.c **** const uint16_t PROGMEM keymaps[][MATRIX_ROWS][MATRIX_COLS] = {
  49:keyboards/minim/keymaps/default/keymap.c ****   [_QWERTY] = LAYOUT(
  50:keyboards/minim/keymaps/default/keymap.c ****     KC_ESC,  KC_Q,     KC_W,    KC_E,    KC_R,  KC_T,    KC_Y,   KC_U,  KC_I,    KC_O,    KC_P,    
  51:keyboards/minim/keymaps/default/keymap.c ****              KC_TAB,   KC_A,    KC_S,    KC_D,  KC_F,    KC_G,   KC_H,  KC_J,    KC_K,    KC_L,    
  52:keyboards/minim/keymaps/default/keymap.c ****              KC_LSFT,  KC_Z,    KC_X,    KC_C,  KC_V,    KC_B,   KC_N,  KC_M,    KC_COMM, KC_DOT,  
  53:keyboards/minim/keymaps/default/keymap.c ****              KC_LCTRL, KC_NO,    KC_LGUI, KC_LALT, LOWER, KC_SPC, RAISE, KC_RALT, KC_0,  ADJUST    
  54:keyboards/minim/keymaps/default/keymap.c ****   ),
  55:keyboards/minim/keymaps/default/keymap.c ****   [_LOWER] = LAYOUT(
  56:keyboards/minim/keymaps/default/keymap.c ****     KC_GRAVE,    KC_1,    KC_2,     KC_3,   KC_4,    KC_5,    KC_6,    KC_7,     KC_8,    KC_9,    
  57:keyboards/minim/keymaps/default/keymap.c ****               _______, _______, _______,      EQ,  RCROCO, _______, LCBRACK,   LPARAN,  RPARAN, RCB
  58:keyboards/minim/keymaps/default/keymap.c ****               _______, _______, _______, _______, _______, _______,  LCROCO,  LHBRACK, RHBRACK,  RC
  59:keyboards/minim/keymaps/default/keymap.c ****               _______, _______, _______, _______, _______, _______, _______,  KC_RALT, _______, ___
  60:keyboards/minim/keymaps/default/keymap.c ****   ),
  61:keyboards/minim/keymaps/default/keymap.c ****   [_RAISE] = LAYOUT(
  62:keyboards/minim/keymaps/default/keymap.c ****     KC_TILD, KC_EXLM, KC_AT,   KC_HASH, KC_DLR,  KC_PERC, KC_CIRC, KC_AMPR, KC_ASTR, KC_LPRN, KC_RP
  63:keyboards/minim/keymaps/default/keymap.c ****              _______, _______, _______, _______, _______, _______, KC_LEFT, KC_DOWN, KC_UP,   KC_RI
  64:keyboards/minim/keymaps/default/keymap.c ****              _______, _______, _______, _______, _______, _______, KC_HOME, KC_PGDN, KC_PGUP, KC_EN
  65:keyboards/minim/keymaps/default/keymap.c ****              _______, _______, _______, _______, _______, _______, _______, _______, _______, _____
  66:keyboards/minim/keymaps/default/keymap.c ****   ),
  67:keyboards/minim/keymaps/default/keymap.c ****   [_ADJUST] = LAYOUT(
  68:keyboards/minim/keymaps/default/keymap.c ****     _______, KC_MPRV, KC_MPLY, KC_MNXT, _______, _______, _______, _______, _______, _______, _____
  69:keyboards/minim/keymaps/default/keymap.c ****              _______, KC_MUTE, KC_VOLD, KC_VOLU, _______, _______, _______, _______, _______, _____
  70:keyboards/minim/keymaps/default/keymap.c ****              _______, _______, _______, _______, _______, _______, _______, _______, _______, _____
  71:keyboards/minim/keymaps/default/keymap.c ****              _______, _______, _______, _______, _______, _______, _______, _______, _______, _____
  72:keyboards/minim/keymaps/default/keymap.c ****   )};/*,
  73:keyboards/minim/keymaps/default/keymap.c ****   [_FUNCTION] = LAYOUT(
  74:keyboards/minim/keymaps/default/keymap.c ****     KC_0, _______, _______, _______, _______, _______, _______, _______, _______, _______, _______,
  75:keyboards/minim/keymaps/default/keymap.c ****              _______, _______, _______, _______, _______, _______, _______, _______, _______, _____
  76:keyboards/minim/keymaps/default/keymap.c ****              _______, _______, _______, _______, _______, _______, _______, _______, _______, _____
  77:keyboards/minim/keymaps/default/keymap.c ****              _______, _______, _______, _______, _______, _______, _______, _______, _______, _____
  78:keyboards/minim/keymaps/default/keymap.c ****   ),
  79:keyboards/minim/keymaps/default/keymap.c **** }*/
  80:keyboards/minim/keymaps/default/keymap.c **** 
  81:keyboards/minim/keymaps/default/keymap.c **** void matrix_init_user(void) {
  16               		.loc 1 81 29 view -0
  17               		.cfi_startproc
  18               	/* prologue: function */
  19               	/* frame size = 0 */
  20               	/* stack size = 0 */
  21               	.L__stack_usage = 0
  82:keyboards/minim/keymaps/default/keymap.c **** 
  83:keyboards/minim/keymaps/default/keymap.c **** }
  22               		.loc 1 83 1 view .LVU1
  23               	/* epilogue start */
  24 0000 0895      		ret
  25               		.cfi_endproc
  26               	.LFE19:
  28               		.section	.text.matrix_scan_user,"ax",@progbits
  29               	.global	matrix_scan_user
  31               	matrix_scan_user:
  32               	.LFB23:
  33               		.cfi_startproc
  34               	/* prologue: function */
  35               	/* frame size = 0 */
  36               	/* stack size = 0 */
  37               	.L__stack_usage = 0
  38               	/* epilogue start */
  39 0000 0895      		ret
  40               		.cfi_endproc
  41               	.LFE23:
  43               		.section	.text.led_set_user,"ax",@progbits
  44               	.global	led_set_user
  46               	led_set_user:
  47               	.LVL0:
  48               	.LFB21:
  84:keyboards/minim/keymaps/default/keymap.c **** 
  85:keyboards/minim/keymaps/default/keymap.c **** void matrix_scan_user(void) {
  86:keyboards/minim/keymaps/default/keymap.c **** 
  87:keyboards/minim/keymaps/default/keymap.c **** }
  88:keyboards/minim/keymaps/default/keymap.c **** 
  89:keyboards/minim/keymaps/default/keymap.c **** void led_set_user(uint8_t usb_led) {
  49               		.loc 1 89 36 view -0
  50               		.cfi_startproc
  51               	/* prologue: function */
  52               	/* frame size = 0 */
  53               	/* stack size = 0 */
  54               	.L__stack_usage = 0
  90:keyboards/minim/keymaps/default/keymap.c **** 
  91:keyboards/minim/keymaps/default/keymap.c **** }
  55               		.loc 1 91 1 view .LVU3
  56               	/* epilogue start */
  57 0000 0895      		ret
  58               		.cfi_endproc
  59               	.LFE21:
  61               	.global	keymaps
  62               		.section	.progmem.data.keymaps,"a"
  65               	keymaps:
  66 0000 2900      		.word	41
  67 0002 1400      		.word	20
  68 0004 1A00      		.word	26
  69 0006 0800      		.word	8
  70 0008 1500      		.word	21
  71 000a 1700      		.word	23
  72 000c 1C00      		.word	28
  73 000e 1800      		.word	24
  74 0010 0C00      		.word	12
  75 0012 1200      		.word	18
  76 0014 1300      		.word	19
  77 0016 2F00      		.word	47
  78 0018 2A00      		.word	42
  79 001a 0000      		.word	0
  80 001c 2B00      		.word	43
  81 001e 0400      		.word	4
  82 0020 1600      		.word	22
  83 0022 0700      		.word	7
  84 0024 0900      		.word	9
  85 0026 0A00      		.word	10
  86 0028 0B00      		.word	11
  87 002a 0D00      		.word	13
  88 002c 0E00      		.word	14
  89 002e 0F00      		.word	15
  90 0030 3300      		.word	51
  91 0032 2800      		.word	40
  92 0034 0000      		.word	0
  93 0036 E100      		.word	225
  94 0038 1D00      		.word	29
  95 003a 1B00      		.word	27
  96 003c 0600      		.word	6
  97 003e 1900      		.word	25
  98 0040 0500      		.word	5
  99 0042 1100      		.word	17
 100 0044 1000      		.word	16
 101 0046 3600      		.word	54
 102 0048 3700      		.word	55
 103 004a 3800      		.word	56
 104 004c E500      		.word	229
 105 004e 0000      		.word	0
 106 0050 0000      		.word	0
 107 0052 E000      		.word	224
 108 0054 0000      		.word	0
 109 0056 E300      		.word	227
 110 0058 E200      		.word	226
 111 005a 095D      		.word	23817
 112 005c 2C00      		.word	44
 113 005e 0A5D      		.word	23818
 114 0060 E600      		.word	230
 115 0062 2700      		.word	39
 116 0064 0B5D      		.word	23819
 117 0066 0000      		.word	0
 118 0068 0000 0000 		.zero	208
 118      0000 0000 
 118      0000 0000 
 118      0000 0000 
 118      0000 0000 
 119 0138 3500      		.word	53
 120 013a 1E00      		.word	30
 121 013c 1F00      		.word	31
 122 013e 2000      		.word	32
 123 0140 2100      		.word	33
 124 0142 2200      		.word	34
 125 0144 2300      		.word	35
 126 0146 2400      		.word	36
 127 0148 2500      		.word	37
 128 014a 2600      		.word	38
 129 014c 2700      		.word	39
 130 014e 2D00      		.word	45
 131 0150 4C00      		.word	76
 132 0152 0000      		.word	0
 133 0154 0100      		.word	1
 134 0156 0100      		.word	1
 135 0158 0100      		.word	1
 136 015a 2712      		.word	4647
 137 015c 6402      		.word	612
 138 015e 0100      		.word	1
 139 0160 2414      		.word	5156
 140 0162 2512      		.word	4645
 141 0164 2612      		.word	4646
 142 0166 2714      		.word	5159
 143 0168 0100      		.word	1
 144 016a 3100      		.word	49
 145 016c 0000      		.word	0
 146 016e 0100      		.word	1
 147 0170 0100      		.word	1
 148 0172 0100      		.word	1
 149 0174 0100      		.word	1
 150 0176 0100      		.word	1
 151 0178 0100      		.word	1
 152 017a 6400      		.word	100
 153 017c 2514      		.word	5157
 154 017e 2614      		.word	5158
 155 0180 6402      		.word	612
 156 0182 0100      		.word	1
 157 0184 E500      		.word	229
 158 0186 0000      		.word	0
 159 0188 0000      		.word	0
 160 018a 0100      		.word	1
 161 018c 0100      		.word	1
 162 018e 0100      		.word	1
 163 0190 0100      		.word	1
 164 0192 0100      		.word	1
 165 0194 0100      		.word	1
 166 0196 0100      		.word	1
 167 0198 E600      		.word	230
 168 019a 0100      		.word	1
 169 019c 0100      		.word	1
 170 019e 0000      		.word	0
 171 01a0 3502      		.word	565
 172 01a2 1E02      		.word	542
 173 01a4 1F02      		.word	543
 174 01a6 2002      		.word	544
 175 01a8 2102      		.word	545
 176 01aa 2202      		.word	546
 177 01ac 2302      		.word	547
 178 01ae 2402      		.word	548
 179 01b0 2502      		.word	549
 180 01b2 2602      		.word	550
 181 01b4 2702      		.word	551
 182 01b6 0100      		.word	1
 183 01b8 4C00      		.word	76
 184 01ba 0000      		.word	0
 185 01bc 0100      		.word	1
 186 01be 0100      		.word	1
 187 01c0 0100      		.word	1
 188 01c2 0100      		.word	1
 189 01c4 0100      		.word	1
 190 01c6 0100      		.word	1
 191 01c8 5000      		.word	80
 192 01ca 5100      		.word	81
 193 01cc 5200      		.word	82
 194 01ce 4F00      		.word	79
 195 01d0 0100      		.word	1
 196 01d2 3102      		.word	561
 197 01d4 0000      		.word	0
 198 01d6 0100      		.word	1
 199 01d8 0100      		.word	1
 200 01da 0100      		.word	1
 201 01dc 0100      		.word	1
 202 01de 0100      		.word	1
 203 01e0 0100      		.word	1
 204 01e2 4A00      		.word	74
 205 01e4 4E00      		.word	78
 206 01e6 4B00      		.word	75
 207 01e8 4D00      		.word	77
 208 01ea 0100      		.word	1
 209 01ec 0100      		.word	1
 210 01ee 0000      		.word	0
 211 01f0 0000      		.word	0
 212 01f2 0100      		.word	1
 213 01f4 0100      		.word	1
 214 01f6 0100      		.word	1
 215 01f8 0100      		.word	1
 216 01fa 0100      		.word	1
 217 01fc 0100      		.word	1
 218 01fe 0100      		.word	1
 219 0200 0100      		.word	1
 220 0202 0100      		.word	1
 221 0204 0100      		.word	1
 222 0206 0000      		.word	0
 223 0208 0000 0000 		.zero	1144
 223      0000 0000 
 223      0000 0000 
 223      0000 0000 
 223      0000 0000 
 224 0680 0100      		.word	1
 225 0682 AC00      		.word	172
 226 0684 AE00      		.word	174
 227 0686 AB00      		.word	171
 228 0688 0100      		.word	1
 229 068a 0100      		.word	1
 230 068c 0100      		.word	1
 231 068e 0100      		.word	1
 232 0690 0100      		.word	1
 233 0692 0100      		.word	1
 234 0694 0100      		.word	1
 235 0696 0100      		.word	1
 236 0698 005C      		.word	23552
 237 069a 0000      		.word	0
 238 069c 0100      		.word	1
 239 069e A800      		.word	168
 240 06a0 AA00      		.word	170
 241 06a2 A900      		.word	169
 242 06a4 0100      		.word	1
 243 06a6 0100      		.word	1
 244 06a8 0100      		.word	1
 245 06aa 0100      		.word	1
 246 06ac 0100      		.word	1
 247 06ae 0100      		.word	1
 248 06b0 0100      		.word	1
 249 06b2 0100      		.word	1
 250 06b4 0000      		.word	0
 251 06b6 0100      		.word	1
 252 06b8 0100      		.word	1
 253 06ba 0100      		.word	1
 254 06bc 0100      		.word	1
 255 06be 0100      		.word	1
 256 06c0 0100      		.word	1
 257 06c2 0100      		.word	1
 258 06c4 0100      		.word	1
 259 06c6 0100      		.word	1
 260 06c8 0100      		.word	1
 261 06ca 0100      		.word	1
 262 06cc 0100      		.word	1
 263 06ce 0000      		.word	0
 264 06d0 0000      		.word	0
 265 06d2 0100      		.word	1
 266 06d4 0100      		.word	1
 267 06d6 0100      		.word	1
 268 06d8 0100      		.word	1
 269 06da 0100      		.word	1
 270 06dc 0100      		.word	1
 271 06de 0100      		.word	1
 272 06e0 0100      		.word	1
 273 06e2 0100      		.word	1
 274 06e4 0100      		.word	1
 275 06e6 0000      		.word	0
 276               		.text
 277               	.Letext0:
 278               		.file 2 "/usr/local/Cellar/avr-gcc@8/8.4.0/avr/include/stdint.h"
 279               		.file 3 "/usr/local/Cellar/avr-gcc@8/8.4.0/lib/avr-gcc/8/gcc/avr/8.4.0/include/stddef.h"
 280               		.file 4 "tmk_core/common/keycode.h"
 281               		.file 5 "tmk_core/common/report.h"
 282               		.file 6 "tmk_core/common/action.h"
 283               		.file 7 "tmk_core/common/host.h"
 284               		.file 8 "tmk_core/common/avr/xprintf.h"
 285               		.file 9 "tmk_core/common/debug.h"
 286               		.file 10 "quantum/keycode_config.h"
 287               		.file 11 "quantum/quantum_keycodes.h"
 288               		.file 12 "quantum/keymap.h"
 289               		.file 13 "tmk_core/common/action_layer.h"
 290               		.file 14 "tmk_core/common/timer.h"
 291               		.file 15 "tmk_core/common/action_util.h"
 292               		.file 16 "/usr/local/Cellar/avr-gcc@8/8.4.0/avr/include/stdlib.h"
 293               		.file 17 "quantum/quantum.h"
DEFINED SYMBOLS
                            *ABS*:0000000000000000 keymap.c
/var/folders/hg/m293bnw975q820z9tg0f9gdw0000gn/T//ccT3lqbD.s:2      *ABS*:000000000000003e __SP_H__
/var/folders/hg/m293bnw975q820z9tg0f9gdw0000gn/T//ccT3lqbD.s:3      *ABS*:000000000000003d __SP_L__
/var/folders/hg/m293bnw975q820z9tg0f9gdw0000gn/T//ccT3lqbD.s:4      *ABS*:000000000000003f __SREG__
/var/folders/hg/m293bnw975q820z9tg0f9gdw0000gn/T//ccT3lqbD.s:5      *ABS*:0000000000000000 __tmp_reg__
/var/folders/hg/m293bnw975q820z9tg0f9gdw0000gn/T//ccT3lqbD.s:6      *ABS*:0000000000000001 __zero_reg__
/var/folders/hg/m293bnw975q820z9tg0f9gdw0000gn/T//ccT3lqbD.s:13     .text.matrix_init_user:0000000000000000 matrix_init_user
/var/folders/hg/m293bnw975q820z9tg0f9gdw0000gn/T//ccT3lqbD.s:31     .text.matrix_scan_user:0000000000000000 matrix_scan_user
/var/folders/hg/m293bnw975q820z9tg0f9gdw0000gn/T//ccT3lqbD.s:46     .text.led_set_user:0000000000000000 led_set_user
/var/folders/hg/m293bnw975q820z9tg0f9gdw0000gn/T//ccT3lqbD.s:65     .progmem.data.keymaps:0000000000000000 keymaps

NO UNDEFINED SYMBOLS
